<?xml version="1.0" encoding="UTF-8"?>
<testsuite xmlns:xsi="http://www.w3.org/2001/XMLSchema-instance" xsi:noNamespaceSchemaLocation="https://maven.apache.org/surefire/maven-surefire-plugin/xsd/surefire-test-report-3.0.xsd" version="3.0" name="RunnerTest" time="1.674" tests="3" errors="0" skipped="0" failures="0">
  <properties>
    <property name="java.specification.version" value="21"/>
    <property name="sun.cpu.isalist" value="amd64"/>
    <property name="sun.jnu.encoding" value="Cp1252"/>
    <property name="java.class.path" value="C:\code\Unir-repos\Unir-Rpd-All\api-testing\target\test-classes;C:\code\Unir-repos\Unir-Rpd-All\api-testing\target\classes;C:\Users\lfgra\.m2\repository\io\cucumber\cucumber-java\7.14.0\cucumber-java-7.14.0.jar;C:\Users\lfgra\.m2\repository\io\cucumber\cucumber-core\7.14.0\cucumber-core-7.14.0.jar;C:\Users\lfgra\.m2\repository\io\cucumber\cucumber-gherkin\7.14.0\cucumber-gherkin-7.14.0.jar;C:\Users\lfgra\.m2\repository\io\cucumber\cucumber-gherkin-messages\7.14.0\cucumber-gherkin-messages-7.14.0.jar;C:\Users\lfgra\.m2\repository\io\cucumber\gherkin\26.2.0\gherkin-26.2.0.jar;C:\Users\lfgra\.m2\repository\io\cucumber\messages\22.0.0\messages-22.0.0.jar;C:\Users\lfgra\.m2\repository\io\cucumber\tag-expressions\5.0.6\tag-expressions-5.0.6.jar;C:\Users\lfgra\.m2\repository\io\cucumber\cucumber-expressions\16.1.2\cucumber-expressions-16.1.2.jar;C:\Users\lfgra\.m2\repository\io\cucumber\datatable\7.14.0\datatable-7.14.0.jar;C:\Users\lfgra\.m2\repository\io\cucumber\cucumber-plugin\7.14.0\cucumber-plugin-7.14.0.jar;C:\Users\lfgra\.m2\repository\io\cucumber\docstring\7.14.0\docstring-7.14.0.jar;C:\Users\lfgra\.m2\repository\io\cucumber\html-formatter\20.4.0\html-formatter-20.4.0.jar;C:\Users\lfgra\.m2\repository\io\cucumber\junit-xml-formatter\0.2.0\junit-xml-formatter-0.2.0.jar;C:\Users\lfgra\.m2\repository\io\cucumber\ci-environment\9.2.0\ci-environment-9.2.0.jar;C:\Users\lfgra\.m2\repository\org\apiguardian\apiguardian-api\1.1.2\apiguardian-api-1.1.2.jar;C:\Users\lfgra\.m2\repository\io\cucumber\cucumber-junit\7.14.0\cucumber-junit-7.14.0.jar;C:\Users\lfgra\.m2\repository\io\rest-assured\rest-assured\5.4.0\rest-assured-5.4.0.jar;C:\Users\lfgra\.m2\repository\org\apache\groovy\groovy\4.0.16\groovy-4.0.16.jar;C:\Users\lfgra\.m2\repository\org\apache\groovy\groovy-xml\4.0.16\groovy-xml-4.0.16.jar;C:\Users\lfgra\.m2\repository\org\apache\httpcomponents\httpclient\4.5.13\httpclient-4.5.13.jar;C:\Users\lfgra\.m2\repository\org\apache\httpcomponents\httpcore\4.4.13\httpcore-4.4.13.jar;C:\Users\lfgra\.m2\repository\commons-logging\commons-logging\1.2\commons-logging-1.2.jar;C:\Users\lfgra\.m2\repository\commons-codec\commons-codec\1.11\commons-codec-1.11.jar;C:\Users\lfgra\.m2\repository\org\apache\httpcomponents\httpmime\4.5.13\httpmime-4.5.13.jar;C:\Users\lfgra\.m2\repository\org\hamcrest\hamcrest\2.2\hamcrest-2.2.jar;C:\Users\lfgra\.m2\repository\org\ccil\cowan\tagsoup\tagsoup\1.2.1\tagsoup-1.2.1.jar;C:\Users\lfgra\.m2\repository\io\rest-assured\json-path\5.4.0\json-path-5.4.0.jar;C:\Users\lfgra\.m2\repository\org\apache\groovy\groovy-json\4.0.16\groovy-json-4.0.16.jar;C:\Users\lfgra\.m2\repository\io\rest-assured\rest-assured-common\5.4.0\rest-assured-common-5.4.0.jar;C:\Users\lfgra\.m2\repository\io\rest-assured\xml-path\5.4.0\xml-path-5.4.0.jar;C:\Users\lfgra\.m2\repository\org\apache\commons\commons-lang3\3.11\commons-lang3-3.11.jar;C:\Users\lfgra\.m2\repository\junit\junit\4.13.2\junit-4.13.2.jar;C:\Users\lfgra\.m2\repository\org\hamcrest\hamcrest-core\1.3\hamcrest-core-1.3.jar;"/>
    <property name="java.vm.vendor" value="Oracle Corporation"/>
    <property name="sun.arch.data.model" value="64"/>
    <property name="user.variant" value=""/>
    <property name="java.vendor.url" value="https://java.oracle.com/"/>
    <property name="user.timezone" value="America/Bogota"/>
    <property name="os.name" value="Windows 11"/>
    <property name="java.vm.specification.version" value="21"/>
    <property name="sun.java.launcher" value="SUN_STANDARD"/>
    <property name="user.country" value="CO"/>
    <property name="sun.boot.library.path" value="C:\Program Files\Java\jdk-21\bin"/>
    <property name="sun.java.command" value="C:\Users\lfgra\AppData\Local\Temp\surefire366079744104170668\surefirebooter-20250625160718980_3.jar C:\Users\lfgra\AppData\Local\Temp\surefire366079744104170668 2025-06-25T16-07-18_881-jvmRun1 surefire-20250625160718980_1tmp surefire_0-20250625160718980_2tmp"/>
    <property name="jdk.debug" value="release"/>
    <property name="surefire.test.class.path" value="C:\code\Unir-repos\Unir-Rpd-All\api-testing\target\test-classes;C:\code\Unir-repos\Unir-Rpd-All\api-testing\target\classes;C:\Users\lfgra\.m2\repository\io\cucumber\cucumber-java\7.14.0\cucumber-java-7.14.0.jar;C:\Users\lfgra\.m2\repository\io\cucumber\cucumber-core\7.14.0\cucumber-core-7.14.0.jar;C:\Users\lfgra\.m2\repository\io\cucumber\cucumber-gherkin\7.14.0\cucumber-gherkin-7.14.0.jar;C:\Users\lfgra\.m2\repository\io\cucumber\cucumber-gherkin-messages\7.14.0\cucumber-gherkin-messages-7.14.0.jar;C:\Users\lfgra\.m2\repository\io\cucumber\gherkin\26.2.0\gherkin-26.2.0.jar;C:\Users\lfgra\.m2\repository\io\cucumber\messages\22.0.0\messages-22.0.0.jar;C:\Users\lfgra\.m2\repository\io\cucumber\tag-expressions\5.0.6\tag-expressions-5.0.6.jar;C:\Users\lfgra\.m2\repository\io\cucumber\cucumber-expressions\16.1.2\cucumber-expressions-16.1.2.jar;C:\Users\lfgra\.m2\repository\io\cucumber\datatable\7.14.0\datatable-7.14.0.jar;C:\Users\lfgra\.m2\repository\io\cucumber\cucumber-plugin\7.14.0\cucumber-plugin-7.14.0.jar;C:\Users\lfgra\.m2\repository\io\cucumber\docstring\7.14.0\docstring-7.14.0.jar;C:\Users\lfgra\.m2\repository\io\cucumber\html-formatter\20.4.0\html-formatter-20.4.0.jar;C:\Users\lfgra\.m2\repository\io\cucumber\junit-xml-formatter\0.2.0\junit-xml-formatter-0.2.0.jar;C:\Users\lfgra\.m2\repository\io\cucumber\ci-environment\9.2.0\ci-environment-9.2.0.jar;C:\Users\lfgra\.m2\repository\org\apiguardian\apiguardian-api\1.1.2\apiguardian-api-1.1.2.jar;C:\Users\lfgra\.m2\repository\io\cucumber\cucumber-junit\7.14.0\cucumber-junit-7.14.0.jar;C:\Users\lfgra\.m2\repository\io\rest-assured\rest-assured\5.4.0\rest-assured-5.4.0.jar;C:\Users\lfgra\.m2\repository\org\apache\groovy\groovy\4.0.16\groovy-4.0.16.jar;C:\Users\lfgra\.m2\repository\org\apache\groovy\groovy-xml\4.0.16\groovy-xml-4.0.16.jar;C:\Users\lfgra\.m2\repository\org\apache\httpcomponents\httpclient\4.5.13\httpclient-4.5.13.jar;C:\Users\lfgra\.m2\repository\org\apache\httpcomponents\httpcore\4.4.13\httpcore-4.4.13.jar;C:\Users\lfgra\.m2\repository\commons-logging\commons-logging\1.2\commons-logging-1.2.jar;C:\Users\lfgra\.m2\repository\commons-codec\commons-codec\1.11\commons-codec-1.11.jar;C:\Users\lfgra\.m2\repository\org\apache\httpcomponents\httpmime\4.5.13\httpmime-4.5.13.jar;C:\Users\lfgra\.m2\repository\org\hamcrest\hamcrest\2.2\hamcrest-2.2.jar;C:\Users\lfgra\.m2\repository\org\ccil\cowan\tagsoup\tagsoup\1.2.1\tagsoup-1.2.1.jar;C:\Users\lfgra\.m2\repository\io\rest-assured\json-path\5.4.0\json-path-5.4.0.jar;C:\Users\lfgra\.m2\repository\org\apache\groovy\groovy-json\4.0.16\groovy-json-4.0.16.jar;C:\Users\lfgra\.m2\repository\io\rest-assured\rest-assured-common\5.4.0\rest-assured-common-5.4.0.jar;C:\Users\lfgra\.m2\repository\io\rest-assured\xml-path\5.4.0\xml-path-5.4.0.jar;C:\Users\lfgra\.m2\repository\org\apache\commons\commons-lang3\3.11\commons-lang3-3.11.jar;C:\Users\lfgra\.m2\repository\junit\junit\4.13.2\junit-4.13.2.jar;C:\Users\lfgra\.m2\repository\org\hamcrest\hamcrest-core\1.3\hamcrest-core-1.3.jar;"/>
    <property name="sun.cpu.endian" value="little"/>
    <property name="user.home" value="C:\Users\lfgra"/>
    <property name="user.language" value="es"/>
    <property name="java.specification.vendor" value="Oracle Corporation"/>
    <property name="java.version.date" value="2025-04-15"/>
    <property name="java.home" value="C:\Program Files\Java\jdk-21"/>
    <property name="file.separator" value="\"/>
    <property name="basedir" value="C:\code\Unir-repos\Unir-Rpd-All\api-testing"/>
    <property name="java.vm.compressedOopsMode" value="Zero based"/>
    <property name="line.separator" value="&#10;"/>
    <property name="java.vm.specification.vendor" value="Oracle Corporation"/>
    <property name="java.specification.name" value="Java Platform API Specification"/>
    <property name="surefire.real.class.path" value="C:\Users\lfgra\AppData\Local\Temp\surefire366079744104170668\surefirebooter-20250625160718980_3.jar"/>
    <property name="user.script" value=""/>
    <property name="sun.management.compiler" value="HotSpot 64-Bit Tiered Compilers"/>
    <property name="java.runtime.version" value="21.0.7+8-LTS-245"/>
    <property name="user.name" value="luisgrfe"/>
    <property name="stdout.encoding" value="Cp1252"/>
    <property name="path.separator" value=";"/>
    <property name="os.version" value="10.0"/>
    <property name="java.runtime.name" value="Java(TM) SE Runtime Environment"/>
    <property name="file.encoding" value="UTF-8"/>
    <property name="java.vm.name" value="Java HotSpot(TM) 64-Bit Server VM"/>
    <property name="localRepository" value="C:\Users\lfgra\.m2\repository"/>
    <property name="java.vendor.url.bug" value="https://bugreport.java.com/bugreport/"/>
    <property name="java.io.tmpdir" value="C:\Users\lfgra\AppData\Local\Temp\"/>
    <property name="java.version" value="21.0.7"/>
    <property name="user.dir" value="C:\code\Unir-repos\Unir-Rpd-All\api-testing"/>
    <property name="os.arch" value="amd64"/>
    <property name="java.vm.specification.name" value="Java Virtual Machine Specification"/>
    <property name="sun.os.patch.level" value=""/>
    <property name="native.encoding" value="Cp1252"/>
    <property name="java.library.path" value="C:\Program Files\Java\jdk-21\bin;C:\WINDOWS\Sun\Java\bin;C:\WINDOWS\system32;C:\WINDOWS;C:\Program Files\Common Files\Oracle\Java\javapath;C:\WINDOWS\system32;C:\WINDOWS;C:\WINDOWS\System32\Wbem;C:\WINDOWS\System32\WindowsPowerShell\v1.0\;C:\WINDOWS\System32\OpenSSH\;C:\Program Files\nodejs\;C:\tools\apache-maven-3.9.9-bin\apache-maven-3.9.9\bin;C:\Program Files\Git\cmd;C:\Users\lfgra\AppData\Local\Microsoft\WindowsApps;C:\Program Files\JetBrains\WebStorm 2024.3.5\bin;C:\Users\lfgra\AppData\Local\Programs\Microsoft VS Code\bin;C:\Users\lfgra\AppData\Roaming\npm;C:\Program Files\nodejs;C:\Program Files\JetBrains\IntelliJ IDEA 2025.1.2\bin;C:\tools\apache-maven-3.9.9-bin\apache-maven-3.9.9\bin;C:\Program Files\Git\mingw64\bin;C:\Program Files\Git\usr\bin;C:\tools\cmder\vendor\bin;C:\tools\cmder;."/>
    <property name="java.vm.info" value="mixed mode, sharing"/>
    <property name="stderr.encoding" value="Cp1252"/>
    <property name="java.vendor" value="Oracle Corporation"/>
    <property name="java.vm.version" value="21.0.7+8-LTS-245"/>
    <property name="sun.io.unicode.encoding" value="UnicodeLittle"/>
    <property name="java.class.version" value="65.0"/>
  </properties>
  <testcase name="Actualizar el título y precio de un libro existente" classname="Actualizar parcialmente un libro existente" time="1.289">
    <system-out><![CDATA[
Scenario: Actualizar el título y precio de un libro existente           &amp#27;[90m# src/test/resources/features/actualizar_libro.feature:3&amp#27;[0m
  &amp#27;[32mGiven &amp#27;[0m&amp#27;[32mel servicio de libros está disponible&amp#27;[0m                           &amp#27;[90m# steps.ApiSteps.el_servicio_de_libros_esta_disponible()&amp#27;[0m
  &amp#27;[32mAnd &amp#27;[0m&amp#27;[32mhe creado un libro con los siguientes datos:&amp#27;[0m                      &amp#27;[90m# steps.ApiSteps.he_creado_un_libro_con_los_siguientes_datos(java.lang.String)&amp#27;[0m
  &amp#27;[32mWhen &amp#27;[0m&amp#27;[32mhago una petición PATCH a &amp#27;[0m&amp#27;[32m&amp#27;[1m"/books/{id}"&amp#27;[0m&amp#27;[32m con el siguiente cuerpo:&amp#27;[0m &amp#27;[90m# steps.ApiSteps.hago_una_peticion_patch_con_el_siguiente_cuerpo(java.lang.String,java.lang.String)&amp#27;[0m
  &amp#27;[32mThen &amp#27;[0m&amp#27;[32mel código de respuesta debe ser &amp#27;[0m&amp#27;[32m&amp#27;[1m200&amp#27;[0m                              &amp#27;[90m# steps.ApiSteps.el_codigo_de_respuesta_debe_ser(java.lang.Integer)&amp#27;[0m
  &amp#27;[32mAnd &amp#27;[0m&amp#27;[32mla respuesta debe contener &amp#27;[0m&amp#27;[32m&amp#27;[1m"5000"&amp#27;[0m                                 &amp#27;[90m# steps.ApiSteps.la_respuesta_debe_contener(java.lang.String)&amp#27;[0m
]]></system-out>
  </testcase>
  <testcase name="Obtener la documentación del API" classname="Validar el endpoint de documentación OpenAPI" time="0.015">
    <system-out><![CDATA[
Scenario: Obtener la documentación del API    &amp#27;[90m# src/test/resources/features/api.feature:3&amp#27;[0m
  &amp#27;[32mGiven &amp#27;[0m&amp#27;[32mel servicio está disponible&amp#27;[0m           &amp#27;[90m# steps.ApiSteps.el_servicio_esta_disponible()&amp#27;[0m
  &amp#27;[32mWhen &amp#27;[0m&amp#27;[32mhago una petición GET a &amp#27;[0m&amp#27;[32m&amp#27;[1m"/v3/api-docs"&amp#27;[0m &amp#27;[90m# steps.ApiSteps.hago_una_peticion_get_a(java.lang.String)&amp#27;[0m
  &amp#27;[32mThen &amp#27;[0m&amp#27;[32mel código de respuesta debe ser &amp#27;[0m&amp#27;[32m&amp#27;[1m200&amp#27;[0m    &amp#27;[90m# steps.ApiSteps.el_codigo_de_respuesta_debe_ser(java.lang.Integer)&amp#27;[0m
  &amp#27;[32mAnd &amp#27;[0m&amp#27;[32mla respuesta debe contener &amp#27;[0m&amp#27;[32m&amp#27;[1m"openapi"&amp#27;[0m    &amp#27;[90m# steps.ApiSteps.la_respuesta_debe_contener(java.lang.String)&amp#27;[0m
]]></system-out>
  </testcase>
  <testcase name="Crear un libro exitosamente" classname="Crear un nuevo libro en el sistema" time="0.019">
    <system-out><![CDATA[
Scenario: Crear un libro exitosamente                             &amp#27;[90m# src/test/resources/features/crear_libro.feature:3&amp#27;[0m
  &amp#27;[32mGiven &amp#27;[0m&amp#27;[32mel servicio de libros está disponible&amp#27;[0m                     &amp#27;[90m# steps.ApiSteps.el_servicio_de_libros_esta_disponible()&amp#27;[0m
  &amp#27;[32mWhen &amp#27;[0m&amp#27;[32mhago una petición POST a &amp#27;[0m&amp#27;[32m&amp#27;[1m"/books"&amp#27;[0m&amp#27;[32m con el siguiente cuerpo:&amp#27;[0m &amp#27;[90m# steps.ApiSteps.hago_una_peticion_post_con_cuerpo(java.lang.String,java.lang.String)&amp#27;[0m
  &amp#27;[32mThen &amp#27;[0m&amp#27;[32mel código de respuesta debe ser &amp#27;[0m&amp#27;[32m&amp#27;[1m201&amp#27;[0m                        &amp#27;[90m# steps.ApiSteps.el_codigo_de_respuesta_debe_ser(java.lang.Integer)&amp#27;[0m
  &amp#27;[32mAnd &amp#27;[0m&amp#27;[32mla respuesta debe contener &amp#27;[0m&amp#27;[32m&amp#27;[1m"Cien años de soledad"&amp#27;[0m           &amp#27;[90m# steps.ApiSteps.la_respuesta_debe_contener(java.lang.String)&amp#27;[0m
]]></system-out>
  </testcase>
</testsuite>